#----------------------------------------------

Metric: name: grpc.io/server/received_bytes_per_rpc, type: TypeCumulativeDistribution, unit: By 
  Labels: [{grpc_server_method }={log.v1.Log/Produce true}]
    Value : count=3 sum=45 sum_sq_dev=0, buckets=[{3 0xc0003d8ae0} {0 <nil>} {0 <nil>} {0 <nil>} {0 <nil>} {0 <nil>} {0 <nil>} {0 <nil>} {0 <nil>} {0 <nil>} {0 <nil>} {0 <nil>} {0 <nil>} {0 <nil>}]

#----------------------------------------------

Metric: name: grpc.io/server/received_bytes_per_rpc, type: TypeCumulativeDistribution, unit: By 
  Labels: [{grpc_server_method }={log.v1.Log/Consume true}]
    Value : count=3 sum=2 sum_sq_dev=2.666666666666667, buckets=[{3 0xc0002d0150} {0 <nil>} {0 <nil>} {0 <nil>} {0 <nil>} {0 <nil>} {0 <nil>} {0 <nil>} {0 <nil>} {0 <nil>} {0 <nil>} {0 <nil>} {0 <nil>} {0 <nil>}]

#----------------------------------------------

Metric: name: grpc.io/server/received_bytes_per_rpc, type: TypeCumulativeDistribution, unit: By 
  Labels: [{grpc_server_method }={log.v1.Log/ConsumeStream true}]
    Value : count=1 sum=0 sum_sq_dev=0, buckets=[{1 <nil>} {0 <nil>} {0 <nil>} {0 <nil>} {0 <nil>} {0 <nil>} {0 <nil>} {0 <nil>} {0 <nil>} {0 <nil>} {0 <nil>} {0 <nil>} {0 <nil>} {0 <nil>}]

#----------------------------------------------

Metric: name: grpc.io/server/received_bytes_per_rpc, type: TypeCumulativeDistribution, unit: By 
  Labels: [{grpc_server_method }={log.v1.Log/ProduceStream true}]
    Value : count=1 sum=37 sum_sq_dev=0, buckets=[{1 <nil>} {0 <nil>} {0 <nil>} {0 <nil>} {0 <nil>} {0 <nil>} {0 <nil>} {0 <nil>} {0 <nil>} {0 <nil>} {0 <nil>} {0 <nil>} {0 <nil>} {0 <nil>}]

#----------------------------------------------

Metric: name: grpc.io/server/sent_bytes_per_rpc, type: TypeCumulativeDistribution, unit: By 
  Labels: [{grpc_server_method }={log.v1.Log/Produce true}]
    Value : count=3 sum=0 sum_sq_dev=0, buckets=[{3 0xc0003d8a50} {0 <nil>} {0 <nil>} {0 <nil>} {0 <nil>} {0 <nil>} {0 <nil>} {0 <nil>} {0 <nil>} {0 <nil>} {0 <nil>} {0 <nil>} {0 <nil>} {0 <nil>}]

#----------------------------------------------

Metric: name: grpc.io/server/sent_bytes_per_rpc, type: TypeCumulativeDistribution, unit: By 
  Labels: [{grpc_server_method }={log.v1.Log/Consume true}]
    Value : count=3 sum=15 sum_sq_dev=150, buckets=[{3 0xc0002d0120} {0 <nil>} {0 <nil>} {0 <nil>} {0 <nil>} {0 <nil>} {0 <nil>} {0 <nil>} {0 <nil>} {0 <nil>} {0 <nil>} {0 <nil>} {0 <nil>} {0 <nil>}]

#----------------------------------------------

Metric: name: grpc.io/server/sent_bytes_per_rpc, type: TypeCumulativeDistribution, unit: By 
  Labels: [{grpc_server_method }={log.v1.Log/ConsumeStream true}]
    Value : count=1 sum=37 sum_sq_dev=0, buckets=[{1 <nil>} {0 <nil>} {0 <nil>} {0 <nil>} {0 <nil>} {0 <nil>} {0 <nil>} {0 <nil>} {0 <nil>} {0 <nil>} {0 <nil>} {0 <nil>} {0 <nil>} {0 <nil>}]

#----------------------------------------------

Metric: name: grpc.io/server/sent_bytes_per_rpc, type: TypeCumulativeDistribution, unit: By 
  Labels: [{grpc_server_method }={log.v1.Log/ProduceStream true}]
    Value : count=1 sum=2 sum_sq_dev=0, buckets=[{1 <nil>} {0 <nil>} {0 <nil>} {0 <nil>} {0 <nil>} {0 <nil>} {0 <nil>} {0 <nil>} {0 <nil>} {0 <nil>} {0 <nil>} {0 <nil>} {0 <nil>} {0 <nil>}]

#----------------------------------------------

Metric: name: grpc.io/server/server_latency, type: TypeCumulativeDistribution, unit: ms 
  Labels: [{grpc_server_method }={log.v1.Log/Consume true}]
    Value : count=3 sum=0.9586779999999999 sum_sq_dev=0.04533680587466666, buckets=[{0 <nil>} {0 <nil>} {0 <nil>} {2 0xc0002d0180} {1 0xc000111d10} {0 <nil>} {0 <nil>} {0 <nil>} {0 <nil>} {0 <nil>} {0 <nil>} {0 <nil>} {0 <nil>} {0 <nil>} {0 <nil>} {0 <nil>} {0 <nil>} {0 <nil>} {0 <nil>} {0 <nil>} {0 <nil>} {0 <nil>} {0 <nil>} {0 <nil>} {0 <nil>} {0 <nil>} {0 <nil>} {0 <nil>} {0 <nil>} {0 <nil>} {0 <nil>} {0 <nil>} {0 <nil>} {0 <nil>} {0 <nil>} {0 <nil>} {0 <nil>} {0 <nil>} {0 <nil>} {0 <nil>} {0 <nil>}]

#----------------------------------------------

Metric: name: grpc.io/server/server_latency, type: TypeCumulativeDistribution, unit: ms 
  Labels: [{grpc_server_method }={log.v1.Log/ConsumeStream true}]
    Value : count=1 sum=0.832251 sum_sq_dev=0, buckets=[{0 <nil>} {0 <nil>} {0 <nil>} {0 <nil>} {0 <nil>} {0 <nil>} {1 <nil>} {0 <nil>} {0 <nil>} {0 <nil>} {0 <nil>} {0 <nil>} {0 <nil>} {0 <nil>} {0 <nil>} {0 <nil>} {0 <nil>} {0 <nil>} {0 <nil>} {0 <nil>} {0 <nil>} {0 <nil>} {0 <nil>} {0 <nil>} {0 <nil>} {0 <nil>} {0 <nil>} {0 <nil>} {0 <nil>} {0 <nil>} {0 <nil>} {0 <nil>} {0 <nil>} {0 <nil>} {0 <nil>} {0 <nil>} {0 <nil>} {0 <nil>} {0 <nil>} {0 <nil>} {0 <nil>}]

#----------------------------------------------

Metric: name: grpc.io/server/server_latency, type: TypeCumulativeDistribution, unit: ms 
  Labels: [{grpc_server_method }={log.v1.Log/ProduceStream true}]
    Value : count=1 sum=1.768677 sum_sq_dev=0, buckets=[{0 <nil>} {0 <nil>} {0 <nil>} {0 <nil>} {0 <nil>} {0 <nil>} {0 <nil>} {1 <nil>} {0 <nil>} {0 <nil>} {0 <nil>} {0 <nil>} {0 <nil>} {0 <nil>} {0 <nil>} {0 <nil>} {0 <nil>} {0 <nil>} {0 <nil>} {0 <nil>} {0 <nil>} {0 <nil>} {0 <nil>} {0 <nil>} {0 <nil>} {0 <nil>} {0 <nil>} {0 <nil>} {0 <nil>} {0 <nil>} {0 <nil>} {0 <nil>} {0 <nil>} {0 <nil>} {0 <nil>} {0 <nil>} {0 <nil>} {0 <nil>} {0 <nil>} {0 <nil>} {0 <nil>}]

#----------------------------------------------

Metric: name: grpc.io/server/server_latency, type: TypeCumulativeDistribution, unit: ms 
  Labels: [{grpc_server_method }={log.v1.Log/Produce true}]
    Value : count=3 sum=1.6461710000000003 sum_sq_dev=0.2617624245686667, buckets=[{0 <nil>} {0 <nil>} {0 <nil>} {1 <nil>} {1 <nil>} {0 <nil>} {1 0xc0003d8b10} {0 <nil>} {0 <nil>} {0 <nil>} {0 <nil>} {0 <nil>} {0 <nil>} {0 <nil>} {0 <nil>} {0 <nil>} {0 <nil>} {0 <nil>} {0 <nil>} {0 <nil>} {0 <nil>} {0 <nil>} {0 <nil>} {0 <nil>} {0 <nil>} {0 <nil>} {0 <nil>} {0 <nil>} {0 <nil>} {0 <nil>} {0 <nil>} {0 <nil>} {0 <nil>} {0 <nil>} {0 <nil>} {0 <nil>} {0 <nil>} {0 <nil>} {0 <nil>} {0 <nil>} {0 <nil>}]

#----------------------------------------------

Metric: name: grpc.io/server/completed_rpcs, type: TypeCumulativeInt64, unit: 1 
  Labels: [{grpc_server_method }={log.v1.Log/ProduceStream true} {grpc_server_status }={CANCELLED true}]
    Value : value=1

#----------------------------------------------

Metric: name: grpc.io/server/completed_rpcs, type: TypeCumulativeInt64, unit: 1 
  Labels: [{grpc_server_method }={log.v1.Log/Consume true} {grpc_server_status }={CODE_404 true}]
    Value : value=1

#----------------------------------------------

Metric: name: grpc.io/server/completed_rpcs, type: TypeCumulativeInt64, unit: 1 
  Labels: [{grpc_server_method }={log.v1.Log/Produce true} {grpc_server_status }={PERMISSION_DENIED true}]
    Value : value=1

#----------------------------------------------

Metric: name: grpc.io/server/completed_rpcs, type: TypeCumulativeInt64, unit: 1 
  Labels: [{grpc_server_method }={log.v1.Log/Consume true} {grpc_server_status }={PERMISSION_DENIED true}]
    Value : value=1

#----------------------------------------------

Metric: name: grpc.io/server/completed_rpcs, type: TypeCumulativeInt64, unit: 1 
  Labels: [{grpc_server_method }={log.v1.Log/Produce true} {grpc_server_status }={OK true}]
    Value : value=2

#----------------------------------------------

Metric: name: grpc.io/server/completed_rpcs, type: TypeCumulativeInt64, unit: 1 
  Labels: [{grpc_server_method }={log.v1.Log/Consume true} {grpc_server_status }={OK true}]
    Value : value=1

#----------------------------------------------

Metric: name: grpc.io/server/completed_rpcs, type: TypeCumulativeInt64, unit: 1 
  Labels: [{grpc_server_method }={log.v1.Log/ConsumeStream true} {grpc_server_status }={UNAVAILABLE true}]
    Value : value=1

